<?xml version="1.0" encoding="UTF-8"?>
<!-- Generated by org.testng.reporters.JUnitXMLReporter -->
<testsuite ignored="1" hostname="DESKTOP-FIBQNH3" failures="0" tests="5" name="Default test" time="95.123" errors="0" timestamp="2026-03-17T17:30:04 IST">
  <testcase classname="testSuite.BaseTest" name="tc01" time="15.171"/>
  <testcase classname="testSuite.BaseTest" name="tc01" time="10.26"/>
  <testcase classname="testSuite.BaseTest" name="tc01" time="20.844"/>
  <testcase classname="testSuite.BaseTest" name="tc01" time="14.593"/>
  <testcase classname="testSuite.BaseTest" name="tc01" time="31.156"/>
  <testcase classname="testSuite.BaseTest" name="tc02" time="0.0">
    <ignored/>
  </testcase> <!-- tc02 -->
</testsuite> <!-- Default test -->
