<?xml version="1.0" encoding="UTF-8"?>
<!-- Generated by org.testng.reporters.JUnitXMLReporter -->
<testsuite ignored="1" hostname="DESKTOP-FIBQNH3" failures="0" tests="5" name="Default test" time="2.93" errors="0" timestamp="2026-03-15T17:03:37 IST">
  <testcase classname="testSuite.BaseTest" name="tc02" time="0.031"/>
  <testcase classname="testSuite.BaseTest" name="tc02" time="0.005"/>
  <testcase classname="testSuite.BaseTest" name="tc02" time="0.004"/>
  <testcase classname="testSuite.BaseTest" name="tc02" time="0.004"/>
  <testcase classname="testSuite.BaseTest" name="tc02" time="0.004"/>
  <testcase classname="testSuite.BaseTest" name="tc01" time="0.0">
    <ignored/>
  </testcase> <!-- tc01 -->
</testsuite> <!-- Default test -->
