<?xml version="1.0" encoding="UTF-8"?>
<!-- Generated by org.testng.reporters.JUnitXMLReporter -->
<testsuite ignored="0" hostname="DESKTOP-FIBQNH3" failures="1" tests="2" name="Test" time="3.36" errors="0" timestamp="2026-03-18T16:51:29 IST">
  <testcase classname="testSuite.BaseTest" name="tc01" time="0.073">
    <failure type="java.lang.AssertionError" message="expected [true] but found [false]">
      <![CDATA[java.lang.AssertionError: expected [true] but found [false]
at testSuite.BaseTest.tc01(BaseTest.java:22)
at java.base/java.util.ArrayList.forEach(ArrayList.java:1596)
... Removed 29 stack frames]]>
    </failure>
  </testcase> <!-- tc01 -->
  <testcase classname="testSuite.BaseTest" name="tc02" time="0.007"/>
</testsuite> <!-- Test -->
