<?xml version="1.0" encoding="UTF-8"?>
<testng-results ignored="1" total="6" passed="5" failed="0" skipped="0">
  <reporter-output>
  </reporter-output>
  <suite started-at="2026-03-17T17:28:26 IST" name="Default suite" finished-at="2026-03-17T17:30:01 IST" duration-ms="95123">
    <groups>
    </groups>
    <test started-at="2026-03-17T17:28:26 IST" name="Default test" finished-at="2026-03-17T17:30:01 IST" duration-ms="95123">
      <class name="testSuite.BaseTest">
        <test-method signature="tc01(java.lang.String,java.lang.String)[pri:0, instance:testSuite.BaseTest@3b69e7d1]" started-at="2026-03-17T17:28:29 IST" name="tc01" data-provider="excelData" finished-at="2026-03-17T17:28:44 IST" duration-ms="15171" status="PASS">
          <params>
            <param index="0">
              <value>
                <![CDATA[User1]]>
              </value>
            </param>
            <param index="1">
              <value>
                <![CDATA[Pass1]]>
              </value>
            </param>
          </params>
          <reporter-output>
          </reporter-output>
        </test-method> <!-- tc01 -->
        <test-method signature="tc01(java.lang.String,java.lang.String)[pri:0, instance:testSuite.BaseTest@3b69e7d1]" started-at="2026-03-17T17:28:44 IST" name="tc01" data-provider="excelData" finished-at="2026-03-17T17:28:54 IST" duration-ms="10260" status="PASS">
          <params>
            <param index="0">
              <value>
                <![CDATA[]]>
              </value>
            </param>
            <param index="1">
              <value>
                <![CDATA[]]>
              </value>
            </param>
          </params>
          <reporter-output>
          </reporter-output>
        </test-method> <!-- tc01 -->
        <test-method signature="tc01(java.lang.String,java.lang.String)[pri:0, instance:testSuite.BaseTest@3b69e7d1]" started-at="2026-03-17T17:28:54 IST" name="tc01" data-provider="excelData" finished-at="2026-03-17T17:29:15 IST" duration-ms="20844" status="PASS">
          <params>
            <param index="0">
              <value>
                <![CDATA[]]>
              </value>
            </param>
            <param index="1">
              <value>
                <![CDATA[]]>
              </value>
            </param>
          </params>
          <reporter-output>
          </reporter-output>
        </test-method> <!-- tc01 -->
        <test-method signature="tc01(java.lang.String,java.lang.String)[pri:0, instance:testSuite.BaseTest@3b69e7d1]" started-at="2026-03-17T17:29:15 IST" name="tc01" data-provider="excelData" finished-at="2026-03-17T17:29:30 IST" duration-ms="14593" status="PASS">
          <params>
            <param index="0">
              <value>
                <![CDATA[]]>
              </value>
            </param>
            <param index="1">
              <value>
                <![CDATA[]]>
              </value>
            </param>
          </params>
          <reporter-output>
          </reporter-output>
        </test-method> <!-- tc01 -->
        <test-method signature="tc01(java.lang.String,java.lang.String)[pri:0, instance:testSuite.BaseTest@3b69e7d1]" started-at="2026-03-17T17:29:30 IST" name="tc01" data-provider="excelData" finished-at="2026-03-17T17:30:01 IST" duration-ms="31156" status="PASS">
          <params>
            <param index="0">
              <value>
                <![CDATA[]]>
              </value>
            </param>
            <param index="1">
              <value>
                <![CDATA[]]>
              </value>
            </param>
          </params>
          <reporter-output>
          </reporter-output>
        </test-method> <!-- tc01 -->
      </class> <!-- testSuite.BaseTest -->
    </test> <!-- Default test -->
  </suite> <!-- Default suite -->
</testng-results>
