<?xml version="1.0" encoding="UTF-8"?>
<testng-results ignored="1" total="6" passed="5" failed="0" skipped="0">
  <reporter-output>
  </reporter-output>
  <suite started-at="2026-03-15T17:03:34 IST" name="Default suite" finished-at="2026-03-15T17:03:37 IST" duration-ms="2930">
    <groups>
    </groups>
    <test started-at="2026-03-15T17:03:34 IST" name="Default test" finished-at="2026-03-15T17:03:37 IST" duration-ms="2930">
      <class name="testSuite.BaseTest">
        <test-method signature="tc02(java.lang.String,java.lang.String)[pri:0, instance:testSuite.BaseTest@3b69e7d1]" started-at="2026-03-15T17:03:37 IST" name="tc02" data-provider="excelData" finished-at="2026-03-15T17:03:37 IST" duration-ms="31" status="PASS">
          <params>
            <param index="0">
              <value>
                <![CDATA[User1]]>
              </value>
            </param>
            <param index="1">
              <value>
                <![CDATA[Pass1]]>
              </value>
            </param>
          </params>
          <reporter-output>
          </reporter-output>
        </test-method> <!-- tc02 -->
        <test-method signature="tc02(java.lang.String,java.lang.String)[pri:0, instance:testSuite.BaseTest@3b69e7d1]" started-at="2026-03-15T17:03:37 IST" name="tc02" data-provider="excelData" finished-at="2026-03-15T17:03:37 IST" duration-ms="5" status="PASS">
          <params>
            <param index="0">
              <value>
                <![CDATA[User2]]>
              </value>
            </param>
            <param index="1">
              <value>
                <![CDATA[Pass2]]>
              </value>
            </param>
          </params>
          <reporter-output>
          </reporter-output>
        </test-method> <!-- tc02 -->
        <test-method signature="tc02(java.lang.String,java.lang.String)[pri:0, instance:testSuite.BaseTest@3b69e7d1]" started-at="2026-03-15T17:03:37 IST" name="tc02" data-provider="excelData" finished-at="2026-03-15T17:03:37 IST" duration-ms="4" status="PASS">
          <params>
            <param index="0">
              <value>
                <![CDATA[User3]]>
              </value>
            </param>
            <param index="1">
              <value>
                <![CDATA[Pass3]]>
              </value>
            </param>
          </params>
          <reporter-output>
          </reporter-output>
        </test-method> <!-- tc02 -->
        <test-method signature="tc02(java.lang.String,java.lang.String)[pri:0, instance:testSuite.BaseTest@3b69e7d1]" started-at="2026-03-15T17:03:37 IST" name="tc02" data-provider="excelData" finished-at="2026-03-15T17:03:37 IST" duration-ms="4" status="PASS">
          <params>
            <param index="0">
              <value>
                <![CDATA[User4]]>
              </value>
            </param>
            <param index="1">
              <value>
                <![CDATA[Pass4]]>
              </value>
            </param>
          </params>
          <reporter-output>
          </reporter-output>
        </test-method> <!-- tc02 -->
        <test-method signature="tc02(java.lang.String,java.lang.String)[pri:0, instance:testSuite.BaseTest@3b69e7d1]" started-at="2026-03-15T17:03:37 IST" name="tc02" data-provider="excelData" finished-at="2026-03-15T17:03:37 IST" duration-ms="4" status="PASS">
          <params>
            <param index="0">
              <value>
                <![CDATA[User5]]>
              </value>
            </param>
            <param index="1">
              <value>
                <![CDATA[Pass5]]>
              </value>
            </param>
          </params>
          <reporter-output>
          </reporter-output>
        </test-method> <!-- tc02 -->
      </class> <!-- testSuite.BaseTest -->
    </test> <!-- Default test -->
  </suite> <!-- Default suite -->
</testng-results>
