<?xml version="1.0" encoding="UTF-8"?>
<!-- Generated by org.testng.reporters.JUnitReportReporter -->
<testsuite hostname="DESKTOP-FIBQNH3" failures="0" tests="6" name="testSuite.BaseTest" time="0.048" errors="0" timestamp="2026-03-15T17:03:38 IST" skipped="1">
  <testcase classname="testSuite.BaseTest" name="tc02" time="0.005"/>
  <testcase classname="testSuite.BaseTest" name="tc02" time="0.004"/>
  <testcase classname="testSuite.BaseTest" name="tc02" time="0.031"/>
  <testcase classname="testSuite.BaseTest" name="tc02" time="0.004"/>
  <testcase classname="testSuite.BaseTest" name="tc02" time="0.004"/>
  <testcase classname="testSuite.BaseTest" name="tc01">
    <skipped/>
  </testcase> <!-- tc01 -->
</testsuite> <!-- testSuite.BaseTest -->
