<?xml version="1.0" encoding="UTF-8"?>
<!-- Generated by org.testng.reporters.JUnitReportReporter -->
<testsuite hostname="DESKTOP-FIBQNH3" failures="0" tests="6" name="testSuite.BaseTest" time="92.024" errors="0" timestamp="2026-03-17T17:30:06 IST" skipped="1">
  <testcase classname="testSuite.BaseTest" name="tc01" time="15.171"/>
  <testcase classname="testSuite.BaseTest" name="tc01" time="31.156"/>
  <testcase classname="testSuite.BaseTest" name="tc01" time="10.260"/>
  <testcase classname="testSuite.BaseTest" name="tc01" time="20.844"/>
  <testcase classname="testSuite.BaseTest" name="tc01" time="14.593"/>
  <testcase classname="testSuite.BaseTest" name="tc02">
    <skipped/>
  </testcase> <!-- tc02 -->
</testsuite> <!-- testSuite.BaseTest -->
